<?xml version="1.0" encoding="UTF-8"?>
<testsuites>
  <testsuite name="performing_a_yahoo_search1" timestamp="2019-01-29T19:17:15" time="11.071" tests="0" failures="0" errors="0" skipped="0">
    <properties>
      <property name="specId" value="70337044386424b9ad23acdccc24f00c"/>
      <property name="suiteName" value="Performing a Yahoo Search1"/>
      <property name="capabilities" value="chrome"/>
    </properties>
  </testsuite>
  <testsuite name="performing_a_search_operation11" timestamp="2019-01-29T19:17:15" time="4.698" tests="4" failures="0" errors="3" skipped="0">
    <properties>
      <property name="specId" value="70337044386424b9ad23acdccc24f00c"/>
      <property name="suiteName" value="Performing a search operation11"/>
      <property name="capabilities" value="chrome"/>
    </properties>
    <testcase classname="chrome.Performing a search operation11" name="I am on the search page9" time="11.264"/>
    <testcase classname="chrome.Performing a search operation11" name="I enter &quot;Selenium Webdriver&quot; into the search box12" time="6.573">
      <error message="&#xA;Step &quot;I enter &quot;Selenium Webdriver&quot; into the search box&quot; is not defined. You can ignore this error by setting&#xA;                              cucumberOpts.ignoreUndefinedDefinitions as true.&#xA;"/>
      <system-err>
        <![CDATA[
undefined:undefined
]]>
      </system-err>
    </testcase>
    <testcase classname="chrome.Performing a search operation11" name="I click the search button13" time="6.573">
      <error message="&#xA;Step &quot;I click the search button&quot; is not defined. You can ignore this error by setting&#xA;                              cucumberOpts.ignoreUndefinedDefinitions as true.&#xA;"/>
      <system-err>
        <![CDATA[
undefined:undefined
]]>
      </system-err>
    </testcase>
    <testcase classname="chrome.Performing a search operation11" name="I should see a list of search results14" time="6.573">
      <error message="&#xA;Step &quot;I should see a list of search results&quot; is not defined. You can ignore this error by setting&#xA;                              cucumberOpts.ignoreUndefinedDefinitions as true.&#xA;"/>
      <system-err>
        <![CDATA[
undefined:undefined
]]>
      </system-err>
    </testcase>
  </testsuite>
  <testsuite name="performing_a_search_operation_with_passing_test_data_as_data_table23" timestamp="2019-01-29T19:17:19" time="6.33" tests="4" failures="0" errors="3" skipped="0">
    <properties>
      <property name="specId" value="70337044386424b9ad23acdccc24f00c"/>
      <property name="suiteName" value="Performing a search operation with passing test data as data table23"/>
      <property name="capabilities" value="chrome"/>
    </properties>
    <testcase classname="chrome.Performing a search operation with passing test data as data table23" name="I am on the search page9" time="6.571"/>
    <testcase classname="chrome.Performing a search operation with passing test data as data table23" name="I enter &quot;Selenium Webdriver&quot; into the search box17" time="0.248">
      <error message="&#xA;Step &quot;I enter &quot;Selenium Webdriver&quot; into the search box&quot; is not defined. You can ignore this error by setting&#xA;                              cucumberOpts.ignoreUndefinedDefinitions as true.&#xA;"/>
      <system-err>
        <![CDATA[
undefined:undefined
]]>
      </system-err>
    </testcase>
    <testcase classname="chrome.Performing a search operation with passing test data as data table23" name="I click the search button18" time="0.246">
      <error message="&#xA;Step &quot;I click the search button&quot; is not defined. You can ignore this error by setting&#xA;                              cucumberOpts.ignoreUndefinedDefinitions as true.&#xA;"/>
      <system-err>
        <![CDATA[
undefined:undefined
]]>
      </system-err>
    </testcase>
    <testcase classname="chrome.Performing a search operation with passing test data as data table23" name="I should see a list of search results19" time="0.245">
      <error message="&#xA;Step &quot;I should see a list of search results&quot; is not defined. You can ignore this error by setting&#xA;                              cucumberOpts.ignoreUndefinedDefinitions as true.&#xA;"/>
      <system-err>
        <![CDATA[
undefined:undefined
]]>
      </system-err>
    </testcase>
  </testsuite>
</testsuites>